<?xml version="1.0" encoding="UTF-8"?>
<testsuite name="com.kreinto.toolbox.util.EmailSenderTest" tests="1" skipped="0" failures="0" errors="0" timestamp="2020-06-16T05:22:34" hostname="192-168-1-14.tpgi.com.au" time="1.194">
  <properties/>
  <testcase name="SendSimpleEmail()" classname="com.kreinto.toolbox.util.EmailSenderTest" time="1.194"/>
  <system-out><![CDATA[DEBUG: setDebug: Jakarta Mail version 1.6.5
DEBUG: getProvider() returning javax.mail.Provider[TRANSPORT,smtp,com.sun.mail.smtp.SMTPTransport,Oracle]
DEBUG SMTP: useEhlo true, useAuth true
DEBUG SMTP: trying to connect to host "mail.kreinto.com.au", port 465, isSSL true
220-meg.zuver.net.au ESMTP Exim 4.93 #2 Tue, 16 Jun 2020 15:22:33 +1000 
220-We do not authorize the use of this system to transport unsolicited, 
220 and/or bulk e-mail.
DEBUG SMTP: connected to host "mail.kreinto.com.au", port: 465
EHLO 192-168-1-14.tpgi.com.au
250-meg.zuver.net.au Hello 192-168-1-14.tpgi.com.au [202.125.20.80]
250-SIZE 52428800
250-8BITMIME
250-PIPELINING
250-AUTH PLAIN LOGIN
250 HELP
DEBUG SMTP: Found extension "SIZE", arg "52428800"
DEBUG SMTP: Found extension "8BITMIME", arg ""
DEBUG SMTP: Found extension "PIPELINING", arg ""
DEBUG SMTP: Found extension "AUTH", arg "PLAIN LOGIN"
DEBUG SMTP: Found extension "HELP", arg ""
DEBUG SMTP: STARTTLS requested but already using SSL
DEBUG SMTP: protocolConnect login, host=mail.kreinto.com.au, user=smtp@kreinto.com, password=<non-null>
DEBUG SMTP: Attempt to authenticate using mechanisms: LOGIN PLAIN DIGEST-MD5 NTLM XOAUTH2 
DEBUG SMTP: Using mechanism LOGIN
DEBUG SMTP: AUTH LOGIN command trace suppressed
DEBUG SMTP: AUTH LOGIN succeeded
DEBUG SMTP: use8bit false
MAIL FROM:<smtp@kreinto.com>
250 OK
RCPT TO:<nicolas.rabier@gmail.com>
250 Accepted
DEBUG SMTP: Verified Addresses
DEBUG SMTP:   nicolas.rabier@gmail.com
DATA
354 Enter message, ending with "." on a line by itself
Date: Tue, 16 Jun 2020 15:22:34 +1000 (AEST)
From: smtp@kreinto.com
To: nicolas.rabier@gmail.com
Message-ID: <1677689480.0.1592284955273@192-168-1-14.tpgi.com.au>
Subject: Test from Java
MIME-Version: 1.0
Content-Type: text/plain; charset=us-ascii
Content-Transfer-Encoding: 7bit

This is the content of the email. Bye
.
250 OK id=1jl43N-003pMm-VG
DEBUG SMTP: message successfully delivered to mail server
Response: 250 OK id=1jl43N-003pMm-VG

QUIT
221 meg.zuver.net.au closing connection
]]></system-out>
  <system-err><![CDATA[]]></system-err>
</testsuite>
